<?xml version="1.0" encoding="UTF-8"?>
<testng-results skipped="0" failed="1" ignored="0" total="3" passed="2">
  <reporter-output>
  </reporter-output>
  <suite name="Default suite" duration-ms="13991" started-at="2021-01-22T18:32:55Z" finished-at="2021-01-22T18:33:09Z">
    <groups>
    </groups>
    <test name="Default test" duration-ms="13991" started-at="2021-01-22T18:32:55Z" finished-at="2021-01-22T18:33:09Z">
      <class name="com.etsy.testcases.SigninPageTestcases">
        <test-method status="PASS" signature="setUp()[pri:0, instance:com.etsy.testcases.SigninPageTestcases@f2f2cc1]" name="setUp" is-config="true" duration-ms="11719" started-at="2021-01-22T13:32:55Z" finished-at="2021-01-22T13:33:07Z">
          <reporter-output>
          </reporter-output>
        </test-method> <!-- setUp -->
        <test-method status="PASS" signature="clickedOnSignInImage()[pri:1, instance:com.etsy.testcases.SigninPageTestcases@f2f2cc1]" name="clickedOnSignInImage" duration-ms="493" started-at="2021-01-22T13:33:07Z" finished-at="2021-01-22T13:33:07Z">
          <reporter-output>
          </reporter-output>
        </test-method> <!-- clickedOnSignInImage -->
        <test-method status="FAIL" signature="enterValidUsername()[pri:2, instance:com.etsy.testcases.SigninPageTestcases@f2f2cc1]" name="enterValidUsername" duration-ms="1259" started-at="2021-01-22T13:33:07Z" finished-at="2021-01-22T13:33:09Z">
          <exception class="java.lang.AssertionError">
            <full-stacktrace>
              <![CDATA[java.lang.AssertionError
	at org.junit.Assert.fail(Assert.java:86)
	at org.junit.Assert.assertTrue(Assert.java:41)
	at org.junit.Assert.assertTrue(Assert.java:52)
	at com.etsy.testcases.SigninPageTestcases.enterValidUsername(SigninPageTestcases.java:35)
	at sun.reflect.NativeMethodAccessorImpl.invoke0(Native Method)
	at sun.reflect.NativeMethodAccessorImpl.invoke(Unknown Source)
	at sun.reflect.DelegatingMethodAccessorImpl.invoke(Unknown Source)
	at java.lang.reflect.Method.invoke(Unknown Source)
	at org.testng.internal.MethodInvocationHelper.invokeMethod(MethodInvocationHelper.java:108)
	at org.testng.internal.Invoker.invokeMethod(Invoker.java:661)
	at org.testng.internal.Invoker.invokeTestMethod(Invoker.java:869)
	at org.testng.internal.Invoker.invokeTestMethods(Invoker.java:1193)
	at org.testng.internal.TestMethodWorker.invokeTestMethods(TestMethodWorker.java:126)
	at org.testng.internal.TestMethodWorker.run(TestMethodWorker.java:109)
	at org.testng.TestRunner.privateRun(TestRunner.java:744)
	at org.testng.TestRunner.run(TestRunner.java:602)
	at org.testng.SuiteRunner.runTest(SuiteRunner.java:380)
	at org.testng.SuiteRunner.runSequentially(SuiteRunner.java:375)
	at org.testng.SuiteRunner.privateRun(SuiteRunner.java:340)
	at org.testng.SuiteRunner.run(SuiteRunner.java:289)
	at org.testng.SuiteRunnerWorker.runSuite(SuiteRunnerWorker.java:52)
	at org.testng.SuiteRunnerWorker.run(SuiteRunnerWorker.java:86)
	at org.testng.TestNG.runSuitesSequentially(TestNG.java:1301)
	at org.testng.TestNG.runSuitesLocally(TestNG.java:1226)
	at org.testng.TestNG.runSuites(TestNG.java:1144)
	at org.testng.TestNG.run(TestNG.java:1115)
	at org.testng.remote.AbstractRemoteTestNG.run(AbstractRemoteTestNG.java:115)
	at org.testng.remote.RemoteTestNG.initAndRun(RemoteTestNG.java:251)
	at org.testng.remote.RemoteTestNG.main(RemoteTestNG.java:77)
]]>
            </full-stacktrace>
          </exception> <!-- java.lang.AssertionError -->
          <reporter-output>
          </reporter-output>
        </test-method> <!-- enterValidUsername -->
        <test-method status="PASS" signature="clickedOnSubmitBtn()[pri:3, instance:com.etsy.testcases.SigninPageTestcases@f2f2cc1]" name="clickedOnSubmitBtn" duration-ms="212" started-at="2021-01-22T13:33:09Z" finished-at="2021-01-22T13:33:09Z">
          <reporter-output>
          </reporter-output>
        </test-method> <!-- clickedOnSubmitBtn -->
        <test-method status="PASS" signature="teardown()[pri:0, instance:com.etsy.testcases.SigninPageTestcases@f2f2cc1]" name="teardown" is-config="true" duration-ms="262" started-at="2021-01-22T13:33:09Z" finished-at="2021-01-22T13:33:09Z">
          <reporter-output>
          </reporter-output>
        </test-method> <!-- teardown -->
      </class> <!-- com.etsy.testcases.SigninPageTestcases -->
    </test> <!-- Default test -->
  </suite> <!-- Default suite -->
</testng-results>
