<?xml version="1.0" encoding="UTF-8"?>
<!-- Generated by org.testng.reporters.JUnitXMLReporter -->
<testsuite hostname="DESKTOP-QDJF819" ignored="0" name="Test" tests="3" failures="0" timestamp="09 Sep 2020 20:35:15 GMT" time="3.083" errors="0">
  <testcase name="@BeforeTest setUp" time="3.03" classname="com.etsy.testcases.SigninPageTestcases">
    <failure type="org.openqa.selenium.SessionNotCreatedException" message="session not created: This version of ChromeDriver only supports Chrome version 83
Build info: version: &amp;apos;3.14.0&amp;apos;, revision: &amp;apos;aacccce0&amp;apos;, time: &amp;apos;2018-08-02T20:19:58.91Z&amp;apos;
System info: host: &amp;apos;DESKTOP-QDJF819&amp;apos;, ip: &amp;apos;192.168.1.10&amp;apos;, os.name: &amp;apos;Windows 10&amp;apos;, os.arch: &amp;apos;amd64&amp;apos;, os.version: &amp;apos;10.0&amp;apos;, java.version: &amp;apos;1.8.0_251&amp;apos;
Driver info: driver.version: ChromeDriver
remote stacktrace: Backtrace:
	Ordinal0 [0x002B9443+2724931]
	Ordinal0 [0x001B8421+1672225]
	Ordinal0 [0x000A0339+525113]
	Ordinal0 [0x00030B77+68471]
	Ordinal0 [0x0002D32C+54060]
	Ordinal0 [0x0004CC37+183351]
	Ordinal0 [0x0004CA3D+182845]
	Ordinal0 [0x0004A94B+174411]
	Ordinal0 [0x00032528+75048]
	Ordinal0 [0x000335A0+79264]
	Ordinal0 [0x00033539+79161]
	Ordinal0 [0x001CD4D7+1758423]
	GetHandleVerifier [0x003D5D96+1050070]
	GetHandleVerifier [0x003D5AE1+1049377]
	GetHandleVerifier [0x003E0927+1093991]
	GetHandleVerifier [0x003D6396+1051606]
	Ordinal0 [0x001C59D6+1726934]
	Ordinal0 [0x001CEA4B+1763915]
	Ordinal0 [0x001CEBB3+1764275]
	Ordinal0 [0x001E4AD5+1854165]
	BaseThreadInitThunk [0x757DF989+25]
	RtlGetAppContainerNamedObjectPath [0x76ED74A4+228]
	RtlGetAppContainerNamedObjectPath [0x76ED7474+180]
	(No symbol) [0x00000000]
">
      <![CDATA[org.openqa.selenium.SessionNotCreatedException: session not created: This version of ChromeDriver only supports Chrome version 83
Build info: version: '3.14.0', revision: 'aacccce0', time: '2018-08-02T20:19:58.91Z'
System info: host: 'DESKTOP-QDJF819', ip: '192.168.1.10', os.name: 'Windows 10', os.arch: 'amd64', os.version: '10.0', java.version: '1.8.0_251'
Driver info: driver.version: ChromeDriver
remote stacktrace: Backtrace:
	Ordinal0 [0x002B9443+2724931]
	Ordinal0 [0x001B8421+1672225]
	Ordinal0 [0x000A0339+525113]
	Ordinal0 [0x00030B77+68471]
	Ordinal0 [0x0002D32C+54060]
	Ordinal0 [0x0004CC37+183351]
	Ordinal0 [0x0004CA3D+182845]
	Ordinal0 [0x0004A94B+174411]
	Ordinal0 [0x00032528+75048]
	Ordinal0 [0x000335A0+79264]
	Ordinal0 [0x00033539+79161]
	Ordinal0 [0x001CD4D7+1758423]
	GetHandleVerifier [0x003D5D96+1050070]
	GetHandleVerifier [0x003D5AE1+1049377]
	GetHandleVerifier [0x003E0927+1093991]
	GetHandleVerifier [0x003D6396+1051606]
	Ordinal0 [0x001C59D6+1726934]
	Ordinal0 [0x001CEA4B+1763915]
	Ordinal0 [0x001CEBB3+1764275]
	Ordinal0 [0x001E4AD5+1854165]
	BaseThreadInitThunk [0x757DF989+25]
	RtlGetAppContainerNamedObjectPath [0x76ED74A4+228]
	RtlGetAppContainerNamedObjectPath [0x76ED7474+180]
	(No symbol) [0x00000000]

	at org.openqa.selenium.remote.W3CHandshakeResponse.lambda$new$0(W3CHandshakeResponse.java:57)
	at org.openqa.selenium.remote.W3CHandshakeResponse.lambda$getResponseFunction$2(W3CHandshakeResponse.java:104)
	at org.openqa.selenium.remote.ProtocolHandshake.lambda$createSession$0(ProtocolHandshake.java:122)
	at java.util.stream.ReferencePipeline$3$1.accept(Unknown Source)
	at java.util.Spliterators$ArraySpliterator.tryAdvance(Unknown Source)
	at java.util.stream.ReferencePipeline.forEachWithCancel(Unknown Source)
	at java.util.stream.AbstractPipeline.copyIntoWithCancel(Unknown Source)
	at java.util.stream.AbstractPipeline.copyInto(Unknown Source)
	at java.util.stream.AbstractPipeline.wrapAndCopyInto(Unknown Source)
	at java.util.stream.FindOps$FindOp.evaluateSequential(Unknown Source)
	at java.util.stream.AbstractPipeline.evaluate(Unknown Source)
	at java.util.stream.ReferencePipeline.findFirst(Unknown Source)
	at org.openqa.selenium.remote.ProtocolHandshake.createSession(ProtocolHandshake.java:125)
	at org.openqa.selenium.remote.ProtocolHandshake.createSession(ProtocolHandshake.java:73)
	at org.openqa.selenium.remote.HttpCommandExecutor.execute(HttpCommandExecutor.java:136)
	at org.openqa.selenium.remote.service.DriverCommandExecutor.execute(DriverCommandExecutor.java:83)
	at org.openqa.selenium.remote.RemoteWebDriver.execute(RemoteWebDriver.java:548)
	at org.openqa.selenium.remote.RemoteWebDriver.startSession(RemoteWebDriver.java:212)
	at org.openqa.selenium.remote.RemoteWebDriver.<init>(RemoteWebDriver.java:130)
	at org.openqa.selenium.chrome.ChromeDriver.<init>(ChromeDriver.java:181)
	at org.openqa.selenium.chrome.ChromeDriver.<init>(ChromeDriver.java:168)
	at org.openqa.selenium.chrome.ChromeDriver.<init>(ChromeDriver.java:123)
	at com.etsy.testbase.TestBase.initialization(TestBase.java:51)
	at com.etsy.testcases.SigninPageTestcases.setUp(SigninPageTestcases.java:21)
... Removed 27 stack frames]]>
    </failure>
  </testcase> <!-- @BeforeTest setUp -->
  <testcase name="@AfterTest teardown" time="0.0" classname="com.etsy.testcases.SigninPageTestcases">
    <skipped/>
  </testcase> <!-- @AfterTest teardown -->
  <testcase name="clickedOnSignInImage" time="0.001" classname="com.etsy.testcases.SigninPageTestcases">
    <skipped/>
  </testcase> <!-- clickedOnSignInImage -->
  <testcase name="enterValidUsername" time="0.0" classname="com.etsy.testcases.SigninPageTestcases">
    <skipped/>
  </testcase> <!-- enterValidUsername -->
  <testcase name="clickedOnSubmitBtn" time="0.0" classname="com.etsy.testcases.SigninPageTestcases">
    <skipped/>
  </testcase> <!-- clickedOnSubmitBtn -->
</testsuite> <!-- Test -->
